This is pdfTeX, Version 3.1415926-1.40.11 (MiKTeX 2.9) (preloaded format=pdflatex 2014.12.11)  31 DEC 2014 18:37
entering extended mode
**C:/Users/IIIS/Desktop/doube_column_mrbb/optimization.tex
(C:/Users/IIIS/Desktop/doube_column_mrbb/optimization.tex
LaTeX2e <2009/09/24>
Babel <v3.8l> and hyphenation patterns for loaded.
! Undefined control sequence.
l.1 \section
            {Optimization}
? 
! Emergency stop.
l.1 \section
            {Optimization}
End of file on the terminal!

 
Here is how much of TeX's memory you used:
 7 strings out of 495362
 232 string characters out of 3184022
 44825 words of memory out of 3000000
 3272 multiletter control sequences out of 15000+200000
 3640 words of font info for 14 fonts, out of 3000000 for 9000
 14 hyphenation exceptions out of 8191
 5i,0n,1p,82b,8s stack positions out of 5000i,500n,10000p,200000b,50000s
!  ==> Fatal error occurred, no output PDF file produced!
