This is pdfTeX, Version 3.1415926-1.40.10 (MiKTeX 2.8) (preloaded format=pdflatex 2014.6.21)  1 JAN 2015 20:33
entering extended mode
**C:/Users/PYC/Desktop/abc/double_column_mrbb/main.tex
(C:/Users/PYC/Desktop/abc/double_column_mrbb/main.tex
LaTeX2e <2009/09/24>
Babel <v3.8l> and hyphenation patterns for english, dumylang, nohyphenation, ge
rman, ngerman, german-x-2009-06-19, ngerman-x-2009-06-19, french, loaded.
(C:\Users\PYC\Desktop\abc\double_column_mrbb\bioinfo.cls
Document Class: bioinfo 2003/02/08 0.1
(C:\Software\CTEX\MiKTeX\tex\latex\crop\crop.sty
Package: crop 2003/05/20 v1.9 crop marks (mf)
\stockwidth=\dimen102
\stockheight=\dimen103
\CROP@index=\count79

(C:\Software\CTEX\MiKTeX\tex\latex\graphics\color.sty
Package: color 2005/11/14 v1.0j Standard LaTeX Color (DPC)

(C:\Software\CTEX\MiKTeX\tex\latex\00miktex\color.cfg
File: color.cfg 2007/01/18 v1.5 color configuration of teTeX/TeXLive
)
Package color Info: Driver file: pdftex.def on input line 130.

(C:\Software\CTEX\MiKTeX\tex\latex\pdftex-def\pdftex.def
File: pdftex.def 2009/08/25 v0.04m Graphics/color for pdfTeX
\Gread@gobject=\count80
))
(C:\Software\CTEX\MiKTeX\tex\latex\graphics\graphics.sty
Package: graphics 2009/02/05 v1.0o Standard LaTeX Graphics (DPC,SPQR)

(C:\Software\CTEX\MiKTeX\tex\latex\graphics\trig.sty
Package: trig 1999/03/16 v1.09 sin cos tan (DPC)
)
(C:\Software\CTEX\MiKTeX\tex\latex\00miktex\graphics.cfg
File: graphics.cfg 2007/01/18 v1.5 graphics configuration of teTeX/TeXLive
)
Package graphics Info: Driver file: pdftex.def on input line 91.
)
\CROP@offset=\count81
Package crop Info: Local config file crop.cfg used on input line 605.

(C:\Software\CTEX\MiKTeX\tex\xelatex\xetexconfig\crop.cfg))
(C:\Software\CTEX\MiKTeX\tex\latex\graphics\graphicx.sty
Package: graphicx 1999/02/16 v1.0f Enhanced LaTeX Graphics (DPC,SPQR)

(C:\Software\CTEX\MiKTeX\tex\latex\graphics\keyval.sty
Package: keyval 1999/03/16 v1.13 key=value parser (DPC)
\KV@toks@=\toks14
)
\Gin@req@height=\dimen104
\Gin@req@width=\dimen105
)
(C:\Software\CTEX\MiKTeX\tex\latex\ams\math\amsmath.sty
Package: amsmath 2000/07/18 v2.13 AMS math features
\@mathmargin=\skip41

For additional information on amsmath, use the `?' option.
(C:\Software\CTEX\MiKTeX\tex\latex\ams\math\amstext.sty
Package: amstext 2000/06/29 v2.01

(C:\Software\CTEX\MiKTeX\tex\latex\ams\math\amsgen.sty
File: amsgen.sty 1999/11/30 v2.0
\@emptytoks=\toks15
\ex@=\dimen106
))
(C:\Software\CTEX\MiKTeX\tex\latex\ams\math\amsbsy.sty
Package: amsbsy 1999/11/29 v1.2d
\pmbraise@=\dimen107
)
(C:\Software\CTEX\MiKTeX\tex\latex\ams\math\amsopn.sty
Package: amsopn 1999/12/14 v2.01 operator names
)
\inf@bad=\count82
LaTeX Info: Redefining \frac on input line 211.
\uproot@=\count83
\leftroot@=\count84
LaTeX Info: Redefining \overline on input line 307.
\classnum@=\count85
\DOTSCASE@=\count86
LaTeX Info: Redefining \ldots on input line 379.
LaTeX Info: Redefining \dots on input line 382.
LaTeX Info: Redefining \cdots on input line 467.
\Mathstrutbox@=\box26
\strutbox@=\box27
\big@size=\dimen108
LaTeX Font Info:    Redeclaring font encoding OML on input line 567.
LaTeX Font Info:    Redeclaring font encoding OMS on input line 568.
\macc@depth=\count87
\c@MaxMatrixCols=\count88
\dotsspace@=\muskip10
\c@parentequation=\count89
\dspbrk@lvl=\count90
\tag@help=\toks16
\row@=\count91
\column@=\count92
\maxfields@=\count93
\andhelp@=\toks17
\eqnshift@=\dimen109
\alignsep@=\dimen110
\tagshift@=\dimen111
\tagwidth@=\dimen112
\totwidth@=\dimen113
\lineht@=\dimen114
\@envbody=\toks18
\multlinegap=\skip42
\multlinetaggap=\skip43
\mathdisplay@stack=\toks19
LaTeX Info: Redefining \[ on input line 2666.
LaTeX Info: Redefining \] on input line 2667.
)
(C:\Software\CTEX\MiKTeX\tex\latex\tools\array.sty
Package: array 2008/09/09 v2.4c Tabular extension package (FMi)
\col@sep=\dimen115
\extrarowheight=\dimen116
\NC@list=\toks20
\extratabsurround=\skip44
\backup@length=\skip45
)
(C:\Software\CTEX\MiKTeX\tex\latex\amsfonts\amssymb.sty
Package: amssymb 2009/06/22 v3.00

(C:\Software\CTEX\MiKTeX\tex\latex\amsfonts\amsfonts.sty
Package: amsfonts 2009/06/22 v3.00 Basic AMSFonts support
\symAMSa=\mathgroup4
\symAMSb=\mathgroup5
LaTeX Font Info:    Overwriting math alphabet `\mathfrak' in version `bold'
(Font)                  U/euf/m/n --> U/euf/b/n on input line 96.
))
(C:\Software\CTEX\MiKTeX\tex\latex\sttools\flushend.sty
Package: flushend 1997/10/01
\@aaa=\box28
\@ccc=\box29
\@viper=\box30
\hold@viper=\box31
\atColsBreak=\toks21
\@extra@skip=\dimen117
\@nd@page@rule=\dimen118
)
(C:\Software\CTEX\MiKTeX\tex\latex\sttools\stfloats.sty
Package: stfloats 1999/10/22
\@dblbotnum=\count94
\c@dblbotnumber=\count95
)
(C:\Software\CTEX\MiKTeX\tex\latex\ams\classes\amsthm.sty
Package: amsthm 2004/08/06 v2.20
\thm@style=\toks22
\thm@bodyfont=\toks23
\thm@headfont=\toks24
\thm@notefont=\toks25
\thm@headpunct=\toks26
\thm@preskip=\skip46
\thm@postskip=\skip47
\thm@headsep=\skip48
\dth@everypar=\toks27
)
(C:\Software\CTEX\MiKTeX\tex\latex\changepage\chngpage.sty
Package: chngpage 2009/10/20 v1.2b change page layout
\c@cp@cnt=\count96
\c@cp@tempcnt=\count97
)
(C:\Software\CTEX\MiKTeX\tex\latex\psnfss\times.sty
Package: times 2005/04/12 PSNFSS-v9.2a (SPQR) 
)
\c@section=\count98
\c@subsection=\count99
\c@subsubsection=\count100
\c@paragraph=\count101
\c@subparagraph=\count102
\c@figure=\count103
\c@table=\count104
\dropfromtop=\skip49
\extraspace=\skip50
\aboveskipchk=\skip51
\abovecaptionskip=\skip52
\belowcaptionskip=\skip53
\rotdimen=\dimen119
\tempdime=\dimen120
\temptbox=\box32

(C:\Software\CTEX\MiKTeX\tex\latex\natbib\natbib.sty
Package: natbib 2009/07/16 8.31 (PWD, AO)
\bibhang=\skip54
\bibsep=\skip55
LaTeX Info: Redefining \cite on input line 694.
\c@NAT@ctr=\count105
))
(C:\Software\CTEX\MiKTeX\tex\latex\algorithms\algorithm.sty
Package: algorithm 2009/08/24 v0.1 Document Style `algorithm' - floating enviro
nment

(C:\Software\CTEX\MiKTeX\tex\latex\float\float.sty
Package: float 2001/11/08 v1.3d Float enhancements (AL)
\c@float@type=\count106
\float@exts=\toks28
\float@box=\box33
\@float@everytoks=\toks29
\@floatcapt=\box34
)
(C:\Software\CTEX\MiKTeX\tex\latex\base\ifthen.sty
Package: ifthen 2001/05/26 v1.1c Standard LaTeX ifthen package (DPC)
)
\@float@every@algorithm=\toks30
\c@algorithm=\count107
)
(C:\Software\CTEX\MiKTeX\tex\latex\algorithmicx\algorithmicx.sty
Package: algorithmicx 2005/04/27 v1.2 Algorithmicx

Document Style algorithmicx 1.2 - a greatly improved `algorithmic' style
\c@ALG@line=\count108
\c@ALG@rem=\count109
\c@ALG@nested=\count110
\ALG@tlm=\skip56
\ALG@thistlm=\skip57
\c@ALG@Lnr=\count111
\c@ALG@blocknr=\count112
\c@ALG@storecount=\count113
\c@ALG@tmpcounter=\count114
\ALG@tmplength=\skip58
) (C:\Software\CTEX\MiKTeX\tex\latex\algorithmicx\algpseudocode.sty
Package: algpseudocode 

Document Style - pseudocode environments for use with the `algorithmicx' style
) (C:\Software\CTEX\MiKTeX\tex\latex\tools\xspace.sty
Package: xspace 2006/05/08 v1.12 Space after command names (DPC,MH)
)
(C:\Software\CTEX\MiKTeX\tex\latex\psnfss\pifont.sty
Package: pifont 2005/04/12 PSNFSS-v9.2a Pi font support (SPQR) 
LaTeX Font Info:    Try loading font information for U+pzd on input line 63.

(C:\Software\CTEX\MiKTeX\tex\latex\psnfss\upzd.fd
File: upzd.fd 2001/06/04 font definitions for U/pzd.
)
LaTeX Font Info:    Try loading font information for U+psy on input line 64.

(C:\Software\CTEX\MiKTeX\tex\latex\psnfss\upsy.fd
File: upsy.fd 2001/06/04 font definitions for U/psy.
))
\c@theorem=\count115
\c@lemma=\count116


LaTeX Warning: Unused global option(s):
    [singlecolumdfsn].

(C:\Users\PYC\Desktop\abc\double_column_mrbb\main.aux)
LaTeX Font Info:    Checking defaults for OML/cmm/m/it on input line 138.
LaTeX Font Info:    ... okay on input line 138.
LaTeX Font Info:    Checking defaults for T1/cmr/m/n on input line 138.
LaTeX Font Info:    ... okay on input line 138.
LaTeX Font Info:    Checking defaults for OT1/cmr/m/n on input line 138.
LaTeX Font Info:    ... okay on input line 138.
LaTeX Font Info:    Checking defaults for OMS/cmsy/m/n on input line 138.
LaTeX Font Info:    ... okay on input line 138.
LaTeX Font Info:    Checking defaults for OMX/cmex/m/n on input line 138.
LaTeX Font Info:    ... okay on input line 138.
LaTeX Font Info:    Checking defaults for U/cmr/m/n on input line 138.
LaTeX Font Info:    ... okay on input line 138.
LaTeX Font Info:    Try loading font information for OT1+ptm on input line 138.


(C:\Software\CTEX\MiKTeX\tex\latex\psnfss\ot1ptm.fd
File: ot1ptm.fd 2001/06/04 font definitions for OT1/ptm.
)
(C:\Software\CTEX\MiKTeX\tex\context\base\supp-pdf.tex
[Loading MPS to PDF converter (version 2006.09.02).]
\scratchcounter=\count117
\scratchdimen=\dimen121
\scratchbox=\box35
\nofMPsegments=\count118
\nofMParguments=\count119
\everyMPshowfont=\toks31
\MPscratchCnt=\count120
\MPscratchDim=\dimen122
\MPnumerator=\count121
\everyMPtoPDFconversion=\toks32
)
Package crop Info: requested driver: `' on input line 138.
Package crop Info: detected driver: `pdftex' on input line 138.
Package crop Info: using `pdftex' graphics driver on input line 138.
LaTeX Font Info:    Try loading font information for OT1+phv on input line 149.

 (C:\Software\CTEX\MiKTeX\tex\latex\psnfss\ot1phv.fd
File: ot1phv.fd 2001/06/04 scalable font definitions for OT1/phv.
)
LaTeX Font Info:    Font shape `OT1/phv/m/it' in size <9> not available
(Font)              Font shape `OT1/phv/m/sl' tried instead on input line 149.
LaTeX Font Info:    Font shape `OT1/phv/bx/it' in size <9> not available
(Font)              Font shape `OT1/phv/b/it' tried instead on input line 149.
LaTeX Font Info:    Font shape `OT1/phv/b/it' in size <9> not available
(Font)              Font shape `OT1/phv/b/sl' tried instead on input line 149.
LaTeX Font Info:    Font shape `OT1/phv/bx/it' in size <19> not available
(Font)              Font shape `OT1/phv/b/it' tried instead on input line 149.
LaTeX Font Info:    Font shape `OT1/phv/b/it' in size <19> not available
(Font)              Font shape `OT1/phv/b/sl' tried instead on input line 149.
LaTeX Font Info:    Font shape `OT1/phv/m/it' in size <8> not available
(Font)              Font shape `OT1/phv/m/sl' tried instead on input line 149.
LaTeX Font Info:    Font shape `OT1/phv/bx/n' in size <9> not available
(Font)              Font shape `OT1/phv/b/n' tried instead on input line 149.
LaTeX Font Info:    Font shape `OT1/phv/bx/n' in size <16> not available
(Font)              Font shape `OT1/phv/b/n' tried instead on input line 149.
LaTeX Font Info:    Font shape `OT1/ptm/bx/n' in size <13> not available
(Font)              Font shape `OT1/ptm/b/n' tried instead on input line 149.
LaTeX Font Info:    Calculating math sizes for size <13> on input line 149.


LaTeX Font Warning: Font shape `OT1/cmr/m/n' in size <13> not available
(Font)              size <12> substituted on input line 149.


LaTeX Font Warning: Font shape `OT1/cmr/m/n' in size <6.5> not available
(Font)              size <6> substituted on input line 149.


LaTeX Font Warning: Font shape `OML/cmm/m/it' in size <13> not available
(Font)              size <12> substituted on input line 149.


LaTeX Font Warning: Font shape `OML/cmm/m/it' in size <6.5> not available
(Font)              size <6> substituted on input line 149.


LaTeX Font Warning: Font shape `OMS/cmsy/m/n' in size <13> not available
(Font)              size <12> substituted on input line 149.


LaTeX Font Warning: Font shape `OMS/cmsy/m/n' in size <6.5> not available
(Font)              size <6> substituted on input line 149.

LaTeX Font Info:    Try loading font information for U+msa on input line 149.
(C:\Software\CTEX\MiKTeX\tex\latex\amsfonts\umsa.fd
File: umsa.fd 2009/06/22 v3.00 AMS symbols A
)
LaTeX Font Info:    Try loading font information for U+msb on input line 149.

(C:\Software\CTEX\MiKTeX\tex\latex\amsfonts\umsb.fd
File: umsb.fd 2009/06/22 v3.00 AMS symbols B
)
LaTeX Font Info:    Calculating math sizes for size <9.09996> on input line 149
.


LaTeX Font Warning: Font shape `OT1/cmr/m/n' in size <4.54997> not available
(Font)              size <5> substituted on input line 149.


LaTeX Font Warning: Font shape `OML/cmm/m/it' in size <4.54997> not available
(Font)              size <5> substituted on input line 149.


LaTeX Font Warning: Font shape `OMS/cmsy/m/n' in size <4.54997> not available
(Font)              size <5> substituted on input line 149.


LaTeX Font Warning: Font shape `OT1/cmr/m/n' in size <7.5> not available
(Font)              size <7> substituted on input line 149.


LaTeX Font Warning: Font shape `OML/cmm/m/it' in size <7.5> not available
(Font)              size <7> substituted on input line 149.


LaTeX Font Warning: Font shape `OMS/cmsy/m/n' in size <7.5> not available
(Font)              size <7> substituted on input line 149.


Underfull \hbox (badness 10000) detected at line 149
[]
 []

LaTeX Font Info:    Font shape `OT1/phv/bx/n' in size <8> not available
(Font)              Font shape `OT1/phv/b/n' tried instead on input line 165.
(C:\Users\PYC\Desktop\abc\double_column_mrbb\introduction.tex
LaTeX Font Info:    Font shape `OT1/phv/bx/n' in size <10> not available
(Font)              Font shape `OT1/phv/b/n' tried instead on input line 1.

Underfull \hbox (badness 1072) in paragraph at lines 2--3
\OT1/ptm/m/n/9 2007), such as peptide synthesis (Ottl et al., 1996), protein-
 []

) (C:\Users\PYC\Desktop\abc\double_column_mrbb\methods.tex

LaTeX Font Warning: Font shape `OT1/cmr/bx/n' in size <6.5> not available
(Font)              size <6> substituted on input line 3.


Underfull \hbox (badness 3312) in paragraph at lines 10--11
\OT1/ptm/m/n/9 Branch-and-Bound (BnB) is a widely-used search algorithm
 []


Underfull \hbox (badness 1009) in paragraph at lines 10--11
\OT1/ptm/m/n/9 for solving various combinatorial optimization problems. This
 []

LaTeX Font Info:    Font shape `OT1/ptm/bx/n' in size <9> not available
(Font)              Font shape `OT1/ptm/b/n' tried instead on input line 21.
LaTeX Font Info:    Try loading font information for OMS+phv on input line 45.
(C:\Software\CTEX\MiKTeX\tex\latex\psnfss\omsphv.fd
File: omsphv.fd 
)
LaTeX Font Info:    Font shape `OMS/phv/m/n' in size <7> not available
(Font)              Font shape `OMS/cmsy/m/n' tried instead on input line 45.
 [1

{C:/Software/CTEX/UserData/pdftex/config/pdftex.map{Unicode.sfd}{UGBK.sfd}}


]
Underfull \hbox (badness 1205) in paragraph at lines 58--59
[]\OT1/ptm/m/n/9 What users need to do is just implement map and reduce
 []

LaTeX Font Info:    Try loading font information for OT1+pcr on input line 63.
(C:\Software\CTEX\MiKTeX\tex\latex\psnfss\ot1pcr.fd
File: ot1pcr.fd 2001/06/04 font definitions for OT1/pcr.
)
LaTeX Font Info:    Font shape `OT1/phv/bx/it' in size <8> not available
(Font)              Font shape `OT1/phv/b/it' tried instead on input line 84.
LaTeX Font Info:    Font shape `OT1/phv/b/it' in size <8> not available
(Font)              Font shape `OT1/phv/b/sl' tried instead on input line 84.

Overfull \hbox (261.0pt too wide) has occurred while \output is active
[][] 
 []


Overfull \vbox (1.0pt too high) has occurred while \output is active []


Overfull \hbox (261.0pt too wide) has occurred while \output is active
[][] 
 []

[2]) (C:\Users\PYC\Desktop\abc\double_column_mrbb\optimization.tex
Overfull \hbox (6.56898pt too wide) in paragraph at lines 13--13
[] 
 []


Overfull \hbox (2.9038pt too wide) in paragraph at lines 36--36
[] 
 []


Overfull \hbox (261.0pt too wide) has occurred while \output is active
[][] 
 []


Overfull \vbox (1.0pt too high) has occurred while \output is active []

 [3]
Overfull \hbox (5.18848pt too wide) in paragraph at lines 56--56
[] 
 []


Underfull \hbox (badness 1442) in paragraph at lines 60--61
[]\OT1/ptm/m/n/9 If we compute $\OML/cmm/m/it/9 LB[]$ \OT1/ptm/m/n/9 directly, 
then the time complexity is
 []


Underfull \hbox (badness 1237) in paragraph at lines 60--61
\OML/cmm/m/it/9 O\OT1/cmr/m/n/9 (\OML/cmm/m/it/9 n[]m[]\OT1/cmr/m/n/9 )$\OT1/pt
m/m/n/9 . If we firstly compute a table $\OML/cmm/m/it/9 p$ \OT1/ptm/m/n/9 that
 $\OML/cmm/m/it/9 p[]\OT1/cmr/m/n/9 (\OML/cmm/m/it/9 x[]\OT1/cmr/m/n/9 ) =
 []


Underfull \hbox (badness 10000) in paragraph at lines 62--63

 []


Overfull \hbox (5.7266pt too wide) in paragraph at lines 108--108
[] 
 []

) (C:\Users\PYC\Desktop\abc\double_column_mrbb\main.bbl
Overfull \hbox (261.0pt too wide) has occurred while \output is active
[][] 
 []


Overfull \vbox (1.0pt too high) has occurred while \output is active []


Overfull \hbox (261.0pt too wide) has occurred while \output is active
[][] 
 []

[4]
Underfull \hbox (badness 1708) in paragraph at lines 41--47
\OT1/ptm/m/n/9 of heterotrimeric collagen peptides with a built-in cystine-
 []

)
Underfull \vbox (badness 10000) has occurred while \output is active []


Underfull \vbox (badness 10000) has occurred while \output is active []

Extra height:9.85844pt when 313.42921pt

Underfull \vbox (badness 10000) has occurred while \output is active []


Underfull \vbox (badness 10000) has occurred while \output is active []

Extra height:9.85844pt when 314.42921pt

Underfull \vbox (badness 10000) has occurred while \output is active []


Underfull \vbox (badness 10000) has occurred while \output is active []

Extra height:9.85844pt when 315.42921pt

Underfull \vbox (badness 10000) has occurred while \output is active []


Underfull \vbox (badness 10000) has occurred while \output is active []

Extra height:9.85844pt when 316.42921pt

Underfull \vbox (badness 10000) has occurred while \output is active []


Underfull \vbox (badness 10000) has occurred while \output is active []

Extra height:9.85844pt when 317.42921pt

Underfull \vbox (badness 10000) has occurred while \output is active []

Extra height:0.0pt when 318.42921pt

Underfull \vbox (badness 10000) has occurred while \output is active []

(2)Left:318.42921pt Right:317.85844pt Output:318.42921pt
- LAST -
Extra skip:0.0pt
Left:318.42921pt
Right:317.85844pt
Output:318.42921pt

Underfull \vbox (badness 10000) has occurred while \output is active []


Overfull \hbox (261.0pt too wide) has occurred while \output is active
[][] 
 []


Overfull \vbox (1.0pt too high) has occurred while \output is active []

 [5

]
(C:\Users\PYC\Desktop\abc\double_column_mrbb\main.aux)

LaTeX Font Warning: Size substitutions with differences
(Font)              up to 1.0pt have occurred.

 ) 
Here is how much of TeX's memory you used:
 3671 strings out of 495285
 46572 string characters out of 3180786
 110342 words of memory out of 3000000
 6758 multiletter control sequences out of 15000+200000
 51208 words of font info for 110 fonts, out of 3000000 for 9000
 18 hyphenation exceptions out of 8191
 36i,11n,26p,758b,300s stack positions out of 5000i,500n,10000p,200000b,50000s
{C:/Software/CTEX/MiKTeX/fonts/enc/dvips/fontname/8r.enc}<C:/Software/CTEX/Mi
KTeX/fonts/type1/public/amsfonts/cm/cmbx6.pfb><C:/Software/CTEX/MiKTeX/fonts/ty
pe1/public/amsfonts/cm/cmbx9.pfb><C:/Software/CTEX/MiKTeX/fonts/type1/public/am
sfonts/cmextra/cmex9.pfb><C:/Software/CTEX/MiKTeX/fonts/type1/public/amsfonts/c
m/cmmi5.pfb><C:/Software/CTEX/MiKTeX/fonts/type1/public/amsfonts/cm/cmmi6.pfb><
C:/Software/CTEX/MiKTeX/fonts/type1/public/amsfonts/cm/cmmi9.pfb><C:/Software/C
TEX/MiKTeX/fonts/type1/public/amsfonts/cm/cmr5.pfb><C:/Software/CTEX/MiKTeX/fon
ts/type1/public/amsfonts/cm/cmr6.pfb><C:/Software/CTEX/MiKTeX/fonts/type1/publi
c/amsfonts/cm/cmr7.pfb><C:/Software/CTEX/MiKTeX/fonts/type1/public/amsfonts/cm/
cmr9.pfb><C:/Software/CTEX/MiKTeX/fonts/type1/public/amsfonts/cm/cmsy6.pfb><C:/
Software/CTEX/MiKTeX/fonts/type1/public/amsfonts/cm/cmsy7.pfb><C:/Software/CTEX
/MiKTeX/fonts/type1/public/amsfonts/cm/cmsy9.pfb><C:/Software/CTEX/MiKTeX/fonts
/type1/urw/courier/ucrr8a.pfb><C:/Software/CTEX/MiKTeX/fonts/type1/urw/helvetic
/uhvb8a.pfb><C:/Software/CTEX/MiKTeX/fonts/type1/urw/helvetic/uhvbo8a.pfb><C:/S
oftware/CTEX/MiKTeX/fonts/type1/urw/helvetic/uhvr8a.pfb><C:/Software/CTEX/MiKTe
X/fonts/type1/urw/helvetic/uhvro8a.pfb><C:/Software/CTEX/MiKTeX/fonts/type1/urw
/times/utmb8a.pfb><C:/Software/CTEX/MiKTeX/fonts/type1/urw/times/utmr8a.pfb><C:
/Software/CTEX/MiKTeX/fonts/type1/urw/times/utmri8a.pfb>
Output written on main.pdf (5 pages, 242198 bytes).
PDF statistics:
 103 PDF objects out of 1000 (max. 8388607)
 0 named destinations out of 1000 (max. 500000)
 1 words of extra memory for PDF output out of 10000 (max. 10000000)

